<?xml version="1.0" encoding="UTF-8"?>
<!-- Generated by org.testng.reporters.JUnitReportReporter -->
<testsuite hostname="karan" failures="0" tests="1" name="Basic.Chronologicalorder1" time="0.018" errors="0" timestamp="2024-05-11T12:23:16 IST" skipped="0">
  <testcase classname="Basic.Chronologicalorder1" name="testCase1" time="0.018"/>
</testsuite> <!-- Basic.Chronologicalorder1 -->
