<?xml version="1.0" encoding="UTF-8"?>
<!-- Generated by org.testng.reporters.JUnitReportReporter -->
<testsuite hostname="karan" failures="0" tests="3" name="Basic.Launchthebrowser1" time="27.163" errors="0" timestamp="2024-05-09T16:17:44 IST" skipped="0">
  <testcase classname="Basic.Launchthebrowser1" name="karanbhosda" time="4.244"/>
  <testcase classname="Basic.Launchthebrowser1" name="bhosdaofkaran" time="5.070"/>
  <testcase classname="Basic.Launchthebrowser1" name="bhosda" time="17.849"/>
</testsuite> <!-- Basic.Launchthebrowser1 -->
