<?xml version="1.0" encoding="UTF-8"?>
<!-- Generated by org.testng.reporters.JUnitReportReporter -->
<testsuite hostname="karan" failures="0" tests="1" name="Assertion.AssertEqual" time="55.614" errors="0" timestamp="2024-05-21T11:35:05 IST" skipped="0">
  <testcase classname="Assertion.AssertEqual" name="hardAssert" time="55.614"/>
</testsuite> <!-- Assertion.AssertEqual -->
