<?xml version="1.0" encoding="UTF-8"?>
<!-- Generated by org.testng.reporters.JUnitReportReporter -->
<testsuite hostname="karan" failures="0" tests="1" name="Basic.AnnotationProgram2" time="0.036" errors="0" timestamp="2024-05-11T12:56:27 IST" skipped="0">
  <testcase classname="Basic.AnnotationProgram2" name="testCase1" time="0.036"/>
</testsuite> <!-- Basic.AnnotationProgram2 -->
