<?xml version="1.0" encoding="UTF-8"?>
<!-- Generated by org.testng.reporters.JUnitReportReporter -->
<testsuite hostname="karan" failures="0" tests="1" name="Assertion.AssertSoft1" time="10.024" errors="0" timestamp="2024-05-21T11:56:59 IST" skipped="0">
  <testcase classname="Assertion.AssertSoft1" name="assertMethods" time="10.024"/>
</testsuite> <!-- Assertion.AssertSoft1 -->
